Determining if the pthread_create exist failed with the following output:
Change Dir: /home/otim/workspace/joy_subscriber/build/CMakeFiles/CMakeTmp

Run Build Command:/usr/bin/make "cmTryCompileExec122699776/fast"
make[1]: Entering directory `/home/otim/workspace/joy_subscriber/build/CMakeFiles/CMakeTmp'
/usr/bin/make -f CMakeFiles/cmTryCompileExec122699776.dir/build.make CMakeFiles/cmTryCompileExec122699776.dir/build
make[2]: Entering directory `/home/otim/workspace/joy_subscriber/build/CMakeFiles/CMakeTmp'
/usr/bin/cmake -E cmake_progress_report /home/otim/workspace/joy_subscriber/build/CMakeFiles/CMakeTmp/CMakeFiles 1
Building C object CMakeFiles/cmTryCompileExec122699776.dir/CheckSymbolExists.c.o
/usr/bin/gcc    -o CMakeFiles/cmTryCompileExec122699776.dir/CheckSymbolExists.c.o   -c /home/otim/workspace/joy_subscriber/build/CMakeFiles/CMakeTmp/CheckSymbolExists.c
Linking C executable cmTryCompileExec122699776
/usr/bin/cmake -E cmake_link_script CMakeFiles/cmTryCompileExec122699776.dir/link.txt --verbose=1
/usr/bin/gcc         CMakeFiles/cmTryCompileExec122699776.dir/CheckSymbolExists.c.o  -o cmTryCompileExec122699776 -rdynamic 
CMakeFiles/cmTryCompileExec122699776.dir/CheckSymbolExists.c.o: In function `main':
CheckSymbolExists.c:(.text+0x16): undefined reference to `pthread_create'
collect2: error: ld returned 1 exit status
make[2]: Leaving directory `/home/otim/workspace/joy_subscriber/build/CMakeFiles/CMakeTmp'
make[2]: *** [cmTryCompileExec122699776] Error 1
make[1]: Leaving directory `/home/otim/workspace/joy_subscriber/build/CMakeFiles/CMakeTmp'
make[1]: *** [cmTryCompileExec122699776/fast] Error 2

File /home/otim/workspace/joy_subscriber/build/CMakeFiles/CMakeTmp/CheckSymbolExists.c:
/* */
#include <pthread.h>

int main(int argc, char** argv)
{
  (void)argv;
#ifndef pthread_create
  return ((int*)(&pthread_create))[argc];
#else
  (void)argc;
  return 0;
#endif
}

Determining if the function pthread_create exists in the pthreads failed with the following output:
Change Dir: /home/otim/workspace/joy_subscriber/build/CMakeFiles/CMakeTmp

Run Build Command:/usr/bin/make "cmTryCompileExec848157554/fast"
make[1]: Entering directory `/home/otim/workspace/joy_subscriber/build/CMakeFiles/CMakeTmp'
/usr/bin/make -f CMakeFiles/cmTryCompileExec848157554.dir/build.make CMakeFiles/cmTryCompileExec848157554.dir/build
make[2]: Entering directory `/home/otim/workspace/joy_subscriber/build/CMakeFiles/CMakeTmp'
/usr/bin/cmake -E cmake_progress_report /home/otim/workspace/joy_subscriber/build/CMakeFiles/CMakeTmp/CMakeFiles 1
Building C object CMakeFiles/cmTryCompileExec848157554.dir/CheckFunctionExists.c.o
/usr/bin/gcc   -DCHECK_FUNCTION_EXISTS=pthread_create   -o CMakeFiles/cmTryCompileExec848157554.dir/CheckFunctionExists.c.o   -c /usr/share/cmake-2.8/Modules/CheckFunctionExists.c
Linking C executable cmTryCompileExec848157554
/usr/bin/cmake -E cmake_link_script CMakeFiles/cmTryCompileExec848157554.dir/link.txt --verbose=1
/usr/bin/gcc     -DCHECK_FUNCTION_EXISTS=pthread_create    CMakeFiles/cmTryCompileExec848157554.dir/CheckFunctionExists.c.o  -o cmTryCompileExec848157554 -rdynamic -lpthreads 
/usr/bin/ld: cannot find -lpthreads
collect2: error: ld returned 1 exit status
make[2]: Leaving directory `/home/otim/workspace/joy_subscriber/build/CMakeFiles/CMakeTmp'
make[2]: *** [cmTryCompileExec848157554] Error 1
make[1]: Leaving directory `/home/otim/workspace/joy_subscriber/build/CMakeFiles/CMakeTmp'
make[1]: *** [cmTryCompileExec848157554/fast] Error 2


